2026-03-21 21:39:31,745 INFO o.a.j.u.JMeterUtils: Setting Locale to en_EN
2026-03-21 21:39:31,755 INFO o.a.j.JMeter: Loading user properties from: C:\Program Files\Jmeter\apache-jmeter-5.6.3\bin\user.properties
2026-03-21 21:39:31,755 INFO o.a.j.JMeter: Loading system properties from: C:\Program Files\Jmeter\apache-jmeter-5.6.3\bin\system.properties
2026-03-21 21:39:31,758 INFO o.a.j.JMeter: Copyright (c) 1998-2024 The Apache Software Foundation
2026-03-21 21:39:31,758 INFO o.a.j.JMeter: Version 5.6.3
2026-03-21 21:39:31,758 INFO o.a.j.JMeter: java.version=25.0.2
2026-03-21 21:39:31,758 INFO o.a.j.JMeter: java.vm.name=Java HotSpot(TM) 64-Bit Server VM
2026-03-21 21:39:31,759 INFO o.a.j.JMeter: os.name=Windows 11
2026-03-21 21:39:31,759 INFO o.a.j.JMeter: os.arch=amd64
2026-03-21 21:39:31,759 INFO o.a.j.JMeter: os.version=10.0
2026-03-21 21:39:31,759 INFO o.a.j.JMeter: file.encoding=UTF-8
2026-03-21 21:39:31,759 INFO o.a.j.JMeter: java.awt.headless=true
2026-03-21 21:39:31,759 INFO o.a.j.JMeter: Max memory     =1073741824
2026-03-21 21:39:31,759 INFO o.a.j.JMeter: Available Processors =32
2026-03-21 21:39:31,767 INFO o.a.j.JMeter: Default Locale=English (EN)
2026-03-21 21:39:31,767 INFO o.a.j.JMeter: JMeter  Locale=English (EN)
2026-03-21 21:39:31,767 INFO o.a.j.JMeter: JMeterHome=C:\Program Files\Jmeter\apache-jmeter-5.6.3
2026-03-21 21:39:31,767 INFO o.a.j.JMeter: user.dir  =C:\Users\gabri\Downloads\teste\Jmeter
2026-03-21 21:39:31,768 INFO o.a.j.JMeter: PWD       =C:\Users\gabri\Downloads\teste\Jmeter
2026-03-21 21:39:31,788 INFO o.a.j.JMeter: IP: 192.168.0.18 Name: Katrix FullName: 192.168.0.18
2026-03-21 21:39:31,794 INFO o.a.j.JMeter: Setting property 'jmeter.reportgenerator.outputdir' to:'C:\Users\gabri\Downloads\teste\Jmeter\.\results\dashboard'
2026-03-21 21:39:31,796 INFO o.a.j.s.FileServer: Default base='C:\Users\gabri\Downloads\teste\Jmeter'
2026-03-21 21:39:31,797 INFO o.a.j.s.FileServer: Set new base='C:\Users\gabri\Downloads\teste\Jmeter\.\scripts'
2026-03-21 21:39:31,935 INFO o.a.j.s.SaveService: Testplan (JMX) version: 2.2. Testlog (JTL) version: 2.2
2026-03-21 21:39:31,947 INFO o.a.j.s.SaveService: Using SaveService properties version 5.0
2026-03-21 21:39:31,950 INFO o.a.j.s.SaveService: Using SaveService properties file encoding UTF-8
2026-03-21 21:39:31,953 INFO o.a.j.s.SaveService: Loading file: .\scripts\script.jmx
2026-03-21 21:39:31,977 INFO o.a.j.p.h.s.HTTPSamplerBase: Parser for text/html is org.apache.jmeter.protocol.http.parser.LagartoBasedHtmlParser
2026-03-21 21:39:31,978 INFO o.a.j.p.h.s.HTTPSamplerBase: Parser for application/xhtml+xml is org.apache.jmeter.protocol.http.parser.LagartoBasedHtmlParser
2026-03-21 21:39:31,978 INFO o.a.j.p.h.s.HTTPSamplerBase: Parser for application/xml is org.apache.jmeter.protocol.http.parser.LagartoBasedHtmlParser
2026-03-21 21:39:31,978 INFO o.a.j.p.h.s.HTTPSamplerBase: Parser for text/xml is org.apache.jmeter.protocol.http.parser.LagartoBasedHtmlParser
2026-03-21 21:39:31,978 INFO o.a.j.p.h.s.HTTPSamplerBase: Parser for text/vnd.wap.wml is org.apache.jmeter.protocol.http.parser.RegexpHTMLParser
2026-03-21 21:39:31,978 INFO o.a.j.p.h.s.HTTPSamplerBase: Parser for text/css is org.apache.jmeter.protocol.http.parser.CssParser
2026-03-21 21:39:31,999 INFO o.a.j.JMeter: Creating summariser <summary>
2026-03-21 21:39:32,000 ERROR o.a.j.JMeter: Error in NonGUIDriver
java.lang.IllegalStateException: Could not delete results file C:\Users\gabri\Downloads\teste\Jmeter(canRead:true, canWrite:true)
	at org.apache.jmeter.JMeter.runNonGui(JMeter.java:1001) [ApacheJMeter_core.jar:5.6.3]
	at org.apache.jmeter.JMeter.startNonGui(JMeter.java:940) [ApacheJMeter_core.jar:5.6.3]
	at org.apache.jmeter.JMeter.start(JMeter.java:508) [ApacheJMeter_core.jar:5.6.3]
	at java.base/jdk.internal.reflect.DirectMethodHandleAccessor.invoke(DirectMethodHandleAccessor.java:104) ~[?:?]
	at java.base/java.lang.reflect.Method.invoke(Method.java:565) ~[?:?]
	at org.apache.jmeter.NewDriver.main(NewDriver.java:259) [ApacheJMeter.jar:5.6.3]
2026-03-21 21:39:32,003 ERROR o.a.j.JMeter: An error occurred: 
org.apache.jmeter.report.config.ConfigurationException: Error in NonGUIDriver Could not delete results file C:\Users\gabri\Downloads\teste\Jmeter(canRead:true, canWrite:true)
	at org.apache.jmeter.JMeter.runNonGui(JMeter.java:1049) ~[ApacheJMeter_core.jar:5.6.3]
	at org.apache.jmeter.JMeter.startNonGui(JMeter.java:940) ~[ApacheJMeter_core.jar:5.6.3]
	at org.apache.jmeter.JMeter.start(JMeter.java:508) [ApacheJMeter_core.jar:5.6.3]
	at java.base/jdk.internal.reflect.DirectMethodHandleAccessor.invoke(DirectMethodHandleAccessor.java:104) ~[?:?]
	at java.base/java.lang.reflect.Method.invoke(Method.java:565) ~[?:?]
	at org.apache.jmeter.NewDriver.main(NewDriver.java:259) [ApacheJMeter.jar:5.6.3]
Caused by: java.lang.IllegalStateException: Could not delete results file C:\Users\gabri\Downloads\teste\Jmeter(canRead:true, canWrite:true)
	at org.apache.jmeter.JMeter.runNonGui(JMeter.java:1001) ~[ApacheJMeter_core.jar:5.6.3]
	... 5 more
